<?xml version="1.0" encoding="UTF-8"?>
<!-- Generated by org.testng.reporters.JUnitReportReporter -->
<testsuite hostname="DESKTOP-U214GCV" failures="0" tests="4" name="TestDemo.TestDemo.PetsStore" time="3.446" errors="0" timestamp="2024-01-15T10:52:45 EASST" skipped="0">
  <testcase classname="TestDemo.TestDemo.PetsStore" name="openApp" time="2.385"/>
  <system-out/>
  <testcase classname="TestDemo.TestDemo.PetsStore" name="login" time="0.587"/>
  <system-out/>
  <testcase classname="TestDemo.TestDemo.PetsStore" name="logout" time="0.396"/>
  <system-out/>
  <testcase classname="TestDemo.TestDemo.PetsStore" name="closewindow" time="0.078"/>
  <system-out/>
</testsuite> <!-- TestDemo.TestDemo.PetsStore -->
