<?xml version="1.0" encoding="UTF-8"?>
<!-- Generated by org.testng.reporters.JUnitReportReporter -->
<testsuite hostname="DESKTOP-U214GCV" failures="0" tests="3" name="TestDemo.TestDemo.App" time="0.011" errors="0" timestamp="2024-01-13T19:39:36 EASST" skipped="0">
  <testcase classname="TestDemo.TestDemo.App" name="openapp" time="0.009"/>
  <system-out/>
  <testcase classname="TestDemo.TestDemo.App" name="login" time="0.001"/>
  <system-out/>
  <testcase classname="TestDemo.TestDemo.App" name="logout" time="0.001"/>
  <system-out/>
</testsuite> <!-- TestDemo.TestDemo.App -->
