<?xml version="1.0" encoding="UTF-8"?>
<!-- Generated by org.testng.reporters.JUnitReportReporter -->
<testsuite hostname="DESKTOP-U214GCV" failures="0" tests="2" name="TestDemo.TestDemo2.AllAnnotations" time="0.012" errors="0" timestamp="2024-01-16T20:12:09 EASST" skipped="0">
  <testcase classname="TestDemo.TestDemo2.AllAnnotations" name="tm1" time="0.009"/>
  <system-out/>
  <testcase classname="TestDemo.TestDemo2.AllAnnotations" name="tm2" time="0.003"/>
  <system-out/>
</testsuite> <!-- TestDemo.TestDemo2.AllAnnotations -->
