<?xml version="1.0" encoding="UTF-8"?>
<!-- Generated by org.testng.reporters.JUnitReportReporter -->
<testsuite hostname="DESKTOP-U214GCV" failures="0" tests="3" name="TestDemo.TestDemo.Test3Demo" time="0.011" errors="0" timestamp="2024-01-13T20:01:50 EASST" skipped="0">
  <testcase classname="TestDemo.TestDemo.Test3Demo" name="test1" time="0.009"/>
  <system-out/>
  <testcase classname="TestDemo.TestDemo.Test3Demo" name="test2" time="0.001"/>
  <system-out/>
  <testcase classname="TestDemo.TestDemo.Test3Demo" name="test3" time="0.001"/>
  <system-out/>
</testsuite> <!-- TestDemo.TestDemo.Test3Demo -->
