<?xml version="1.0" encoding="UTF-8"?>
<!-- Generated by org.testng.reporters.JUnitReportReporter -->
<testsuite hostname="DESKTOP-U214GCV" failures="0" tests="2" name="TestDemo.TestDemo.OrangeTest112Demo" time="2.996" errors="0" timestamp="2024-01-14T20:33:37 EASST" skipped="0">
  <testcase classname="TestDemo.TestDemo.OrangeTest112Demo" name="login" time="0.509"/>
  <system-out/>
  <testcase classname="TestDemo.TestDemo.OrangeTest112Demo" name="logout" time="2.487"/>
  <system-out/>
</testsuite> <!-- TestDemo.TestDemo.OrangeTest112Demo -->
