<?xml version="1.0" encoding="UTF-8"?>
<!-- Generated by org.testng.reporters.JUnitReportReporter -->
<testsuite hostname="DESKTOP-U214GCV" failures="0" tests="3" name="TestDemo.TestDemo2.Grouping" time="0.010" errors="0" timestamp="2024-01-18T18:42:10 EASST" skipped="0">
  <testcase classname="TestDemo.TestDemo2.Grouping" name="signupbyfacebook" time="0.008"/>
  <system-out/>
  <testcase classname="TestDemo.TestDemo2.Grouping" name="signupbytwitter" time="0.001"/>
  <system-out/>
  <testcase classname="TestDemo.TestDemo2.Grouping" name="paymentReturnbyBank" time="0.001"/>
  <system-out/>
</testsuite> <!-- TestDemo.TestDemo2.Grouping -->
