<?xml version="1.0" encoding="UTF-8"?>
<!-- Generated by org.testng.reporters.JUnitReportReporter -->
<testsuite hostname="DESKTOP-U214GCV" failures="0" tests="1" name="TestDemo.TestDemo.RadioButtonTest" time="2.314" errors="0" timestamp="2024-01-13T20:50:03 EASST" skipped="0">
  <testcase classname="TestDemo.TestDemo.RadioButtonTest" name="testRadioButton" time="2.314"/>
  <system-out/>
</testsuite> <!-- TestDemo.TestDemo.RadioButtonTest -->
