<?xml version="1.0" encoding="UTF-8"?>
<!-- Generated by org.testng.reporters.JUnitReportReporter -->
<testsuite hostname="DESKTOP-U214GCV" failures="0" tests="2" name="Pack1.Class2" time="0.006" errors="0" timestamp="2024-01-16T20:04:11 EASST" skipped="0">
  <testcase classname="Pack1.Class2" name="xyz" time="0.005"/>
  <system-out/>
  <testcase classname="Pack1.Class2" name="xyz" time="0.001"/>
  <system-out/>
</testsuite> <!-- Pack1.Class2 -->
