<?xml version="1.0" encoding="UTF-8"?>
<!-- Generated by org.testng.reporters.JUnitReportReporter -->
<testsuite hostname="DESKTOP-U214GCV" failures="0" tests="10" name="TestDemo.TestDemo2.InvocationCountDemo" time="0.017" errors="0" timestamp="2024-01-18T19:51:20 EASST" skipped="0">
  <testcase classname="TestDemo.TestDemo2.InvocationCountDemo" name="test" time="0.001"/>
  <system-out/>
  <testcase classname="TestDemo.TestDemo2.InvocationCountDemo" name="test" time="0.001"/>
  <system-out/>
  <testcase classname="TestDemo.TestDemo2.InvocationCountDemo" name="test" time="0.001"/>
  <system-out/>
  <testcase classname="TestDemo.TestDemo2.InvocationCountDemo" name="test" time="0.001"/>
  <system-out/>
  <testcase classname="TestDemo.TestDemo2.InvocationCountDemo" name="test" time="0.001"/>
  <system-out/>
  <testcase classname="TestDemo.TestDemo2.InvocationCountDemo" name="test" time="0.009"/>
  <system-out/>
  <testcase classname="TestDemo.TestDemo2.InvocationCountDemo" name="test" time="0.001"/>
  <system-out/>
  <testcase classname="TestDemo.TestDemo2.InvocationCountDemo" name="test" time="0.001"/>
  <system-out/>
  <testcase classname="TestDemo.TestDemo2.InvocationCountDemo" name="test" time="0.000"/>
  <system-out/>
  <testcase classname="TestDemo.TestDemo2.InvocationCountDemo" name="test" time="0.001"/>
  <system-out/>
</testsuite> <!-- TestDemo.TestDemo2.InvocationCountDemo -->
