<?xml version="1.0" encoding="UTF-8"?>
<!-- Generated by org.testng.reporters.JUnitReportReporter -->
<testsuite hostname="DESKTOP-U214GCV" failures="0" tests="2" name="TestDemo.TestDemo2.AnnotationsDemo1" time="0.012" errors="0" timestamp="2024-01-16T19:45:00 EASST" skipped="0">
  <testcase classname="TestDemo.TestDemo2.AnnotationsDemo1" name="search" time="0.009"/>
  <system-out/>
  <testcase classname="TestDemo.TestDemo2.AnnotationsDemo1" name="advacedsearch" time="0.003"/>
  <system-out/>
</testsuite> <!-- TestDemo.TestDemo2.AnnotationsDemo1 -->
